<?xml version="1.0" encoding="UTF-8"?>
<testsuite xmlns:xsi="http://www.w3.org/2001/XMLSchema-instance" xsi:noNamespaceSchemaLocation="https://maven.apache.org/surefire/maven-surefire-plugin/xsd/surefire-test-report.xsd" version="3.0.2" name="com.example.demo_maven.DemoMavenApplicationTests" time="1.513" tests="1" errors="0" skipped="0" failures="0">
  <properties>
[...]
</properties>
  <testcase name="contextLoads" classname="com.example.demo_maven.DemoMavenApplicationTests" time="0.577">
    <system-out><![CDATA[19:56:17.932 [main] INFO org.springframework.test.context.support.AnnotationConfigContextLoaderUtils -- Could not detect default configuration classes for test class [com.example.demo_maven.DemoMavenApplicationTests]: DemoMavenApplicationTests does not declare any static, non-private, non-final, nested classes annotated with @Configuration.
19:56:18.022 [main] INFO org.springframework.boot.test.context.SpringBootTestContextBootstrapper -- Found @SpringBootConfiguration com.example.demo_maven.DemoMavenApplication for test class com.example.demo_maven.DemoMavenApplicationTests

  .   ____          _            __ _ _
 /\\ / ___'_ __ _ _(_)_ __  __ _ \ \ \ \
( ( )\___ | '_ | '_| | '_ \/ _` | \ \ \ \
 \\/  ___)| |_)| | | | | || (_| |  ) ) ) )
  '  |____| .__|_| |_|_| |_\__, | / / / /
 =========|_|==============|___/=/_/_/_/

 :: Spring Boot ::                (v4.0.1)

2026-01-13T19:56:18.347+08:00  INFO 30736 --- [demo_maven] [           main] c.e.d.DemoMavenApplicationTests          : Starting DemoMavenApplicationTests using Java 17.0.17 with PID 30736 (started by ASUS in D:\项目\后端代码\demo_maven)
2026-01-13T19:56:18.348+08:00  INFO 30736 --- [demo_maven] [           main] c.e.d.DemoMavenApplicationTests          : No active profile set, falling back to 1 default profile: "default"
2026-01-13T19:56:18.722+08:00  INFO 30736 --- [demo_maven] [           main] c.e.d.DemoMavenApplicationTests          : Started DemoMavenApplicationTests in 0.597 seconds (process running for 1.658)
]]></system-out>
  </testcase>
</testsuite>