<?xml version="1.0" encoding="UTF-8"?>
<testsuite xmlns:xsi="http://www.w3.org/2001/XMLSchema-instance" xsi:noNamespaceSchemaLocation="https://maven.apache.org/surefire/maven-surefire-plugin/xsd/surefire-test-report.xsd" version="3.0.2" name="com.project.test.TestApplicationTests" time="2.535" tests="1" errors="0" skipped="0" failures="0" flakes="0">
  <properties>
[...]
</properties>
  <testcase name="contextLoads" classname="com.project.test.TestApplicationTests" time="0.402">
    <system-out><![CDATA[20:37:56.774 [main] INFO org.springframework.test.context.support.AnnotationConfigContextLoaderUtils -- Could not detect default configuration classes for test class [com.project.test.TestApplicationTests]: TestApplicationTests does not declare any static, non-private, non-final, nested classes annotated with @Configuration.
20:37:56.854 [main] INFO org.springframework.boot.test.context.SpringBootTestContextBootstrapper -- Found @SpringBootConfiguration com.project.test.TestApplication for test class com.project.test.TestApplicationTests
20:37:56.916 [main] INFO org.springframework.test.context.support.AnnotationConfigContextLoaderUtils -- Could not detect default configuration classes for test class [com.project.test.TestApplicationTests]: TestApplicationTests does not declare any static, non-private, non-final, nested classes annotated with @Configuration.
20:37:56.917 [main] INFO org.springframework.boot.test.context.SpringBootTestContextBootstrapper -- Found @SpringBootConfiguration com.project.test.TestApplication for test class com.project.test.TestApplicationTests

  .   ____          _            __ _ _
 /\\ / ___'_ __ _ _(_)_ __  __ _ \ \ \ \
( ( )\___ | '_ | '_| | '_ \/ _` | \ \ \ \
 \\/  ___)| |_)| | | | | || (_| |  ) ) ) )
  '  |____| .__|_| |_|_| |_\__, | / / / /
 =========|_|==============|___/=/_/_/_/

 :: Spring Boot ::                (v4.0.5)

2026-04-11T20:37:57.170+08:00  INFO 22116 --- [test] [           main] com.project.test.TestApplicationTests    : Starting TestApplicationTests using Java 21.0.10 with PID 22116 (started by ASUS in D:\项目\test)
2026-04-11T20:37:57.171+08:00  INFO 22116 --- [test] [           main] com.project.test.TestApplicationTests    : No active profile set, falling back to 1 default profile: "default"
2026-04-11T20:37:58.725+08:00  INFO 22116 --- [test] [           main] com.project.test.TestApplicationTests    : Started TestApplicationTests in 1.744 seconds (process running for 2.585)
]]></system-out>
    <system-err><![CDATA[Mockito is currently self-attaching to enable the inline-mock-maker. This will no longer work in future releases of the JDK. Please add Mockito as an agent to your build as described in Mockito's documentation: https://javadoc.io/doc/org.mockito/mockito-core/latest/org.mockito/org/mockito/Mockito.html#0.3
WARNING: A Java agent has been loaded dynamically (D:\Maven\.m2\repository\net\bytebuddy\byte-buddy-agent\1.17.8\byte-buddy-agent-1.17.8.jar)
WARNING: If a serviceability tool is in use, please run with -XX:+EnableDynamicAgentLoading to hide this warning
WARNING: If a serviceability tool is not in use, please run with -Djdk.instrument.traceUsage for more information
WARNING: Dynamic loading of agents will be disallowed by default in a future release
]]></system-err>
  </testcase>
</testsuite>